{"C:\\Users\\petros\\projetos\\sertton\\sertton-react-native-app\\src\\ui\\catalog\\widgets\\catalog-navigation\\index.tsx": {"path":"C:\\Users\\petros\\projetos\\sertton\\sertton-react-native-app\\src\\ui\\catalog\\widgets\\catalog-navigation\\index.tsx","statementMap":{"0":{"start":{"line":3,"column":33},"end":{"line":3,"column":87}},"1":{"start":{"line":3,"column":39},"end":{"line":3,"column":87}}},"fnMap":{"0":{"name":"(anonymous_0)","decl":{"start":{"line":3,"column":33},"end":{"line":3,"column":34}},"loc":{"start":{"line":3,"column":39},"end":{"line":3,"column":87}},"line":3}},"branchMap":{},"s":{"0":0,"1":0},"f":{"0":0},"b":{}}
,"C:\\Users\\petros\\projetos\\sertton\\sertton-react-native-app\\src\\ui\\shared\\widgets\\app-drawer\\index.tsx": {"path":"C:\\Users\\petros\\projetos\\sertton\\sertton-react-native-app\\src\\ui\\shared\\widgets\\app-drawer\\index.tsx","statementMap":{"0":{"start":{"line":18,"column":18},"end":{"line":21,"column":1}},"1":{"start":{"line":19,"column":2},"end":{"line":19,"column":27}},"2":{"start":{"line":20,"column":2},"end":{"line":20,"column":32}},"3":{"start":{"line":23,"column":25},"end":{"line":117,"column":1}},"4":{"start":{"line":24,"column":15},"end":{"line":27,"column":6}},"5":{"start":{"line":25,"column":4},"end":{"line":27,"column":6}},"6":{"start":{"line":26,"column":6},"end":{"line":26,"column":38}},"7":{"start":{"line":28,"column":19},"end":{"line":34,"column":57}},"8":{"start":{"line":34,"column":7},"end":{"line":34,"column":57}},"9":{"start":{"line":34,"column":35},"end":{"line":34,"column":56}},"10":{"start":{"line":35,"column":21},"end":{"line":53,"column":3}},"11":{"start":{"line":44,"column":4},"end":{"line":52,"column":16}},"12":{"start":{"line":55,"column":2},"end":{"line":116,"column":4}},"13":{"start":{"line":62,"column":25},"end":{"line":62,"column":49}},"14":{"start":{"line":75,"column":12},"end":{"line":81,"column":14}},"15":{"start":{"line":76,"column":14},"end":{"line":80,"column":16}},"16":{"start":{"line":84,"column":71},"end":{"line":84,"column":95}},"17":{"start":{"line":88,"column":25},"end":{"line":88,"column":62}},"18":{"start":{"line":97,"column":25},"end":{"line":97,"column":59}},"19":{"start":{"line":102,"column":25},"end":{"line":102,"column":57}},"20":{"start":{"line":107,"column":25},"end":{"line":107,"column":58}},"21":{"start":{"line":112,"column":25},"end":{"line":112,"column":57}}},"fnMap":{"0":{"name":"(anonymous_0)","decl":{"start":{"line":18,"column":18},"end":{"line":18,"column":19}},"loc":{"start":{"line":18,"column":97},"end":{"line":21,"column":1}},"line":18},"1":{"name":"(anonymous_1)","decl":{"start":{"line":23,"column":25},"end":{"line":23,"column":26}},"loc":{"start":{"line":23,"column":74},"end":{"line":117,"column":1}},"line":23},"2":{"name":"(anonymous_2)","decl":{"start":{"line":24,"column":15},"end":{"line":24,"column":16}},"loc":{"start":{"line":25,"column":4},"end":{"line":27,"column":6}},"line":25},"3":{"name":"(anonymous_3)","decl":{"start":{"line":25,"column":26},"end":{"line":25,"column":27}},"loc":{"start":{"line":25,"column":32},"end":{"line":27,"column":5}},"line":25},"4":{"name":"(anonymous_4)","decl":{"start":{"line":28,"column":19},"end":{"line":28,"column":20}},"loc":{"start":{"line":34,"column":7},"end":{"line":34,"column":57}},"line":34},"5":{"name":"(anonymous_5)","decl":{"start":{"line":34,"column":29},"end":{"line":34,"column":30}},"loc":{"start":{"line":34,"column":35},"end":{"line":34,"column":56}},"line":34},"6":{"name":"(anonymous_6)","decl":{"start":{"line":35,"column":21},"end":{"line":35,"column":22}},"loc":{"start":{"line":44,"column":4},"end":{"line":52,"column":16}},"line":44},"7":{"name":"(anonymous_7)","decl":{"start":{"line":62,"column":19},"end":{"line":62,"column":20}},"loc":{"start":{"line":62,"column":25},"end":{"line":62,"column":49}},"line":62},"8":{"name":"(anonymous_8)","decl":{"start":{"line":74,"column":19},"end":{"line":74,"column":20}},"loc":{"start":{"line":75,"column":12},"end":{"line":81,"column":14}},"line":75},"9":{"name":"(anonymous_9)","decl":{"start":{"line":75,"column":34},"end":{"line":75,"column":35}},"loc":{"start":{"line":75,"column":40},"end":{"line":81,"column":13}},"line":75},"10":{"name":"(anonymous_10)","decl":{"start":{"line":84,"column":65},"end":{"line":84,"column":66}},"loc":{"start":{"line":84,"column":71},"end":{"line":84,"column":95}},"line":84},"11":{"name":"(anonymous_11)","decl":{"start":{"line":88,"column":19},"end":{"line":88,"column":20}},"loc":{"start":{"line":88,"column":25},"end":{"line":88,"column":62}},"line":88},"12":{"name":"(anonymous_12)","decl":{"start":{"line":97,"column":19},"end":{"line":97,"column":20}},"loc":{"start":{"line":97,"column":25},"end":{"line":97,"column":59}},"line":97},"13":{"name":"(anonymous_13)","decl":{"start":{"line":102,"column":19},"end":{"line":102,"column":20}},"loc":{"start":{"line":102,"column":25},"end":{"line":102,"column":57}},"line":102},"14":{"name":"(anonymous_14)","decl":{"start":{"line":107,"column":19},"end":{"line":107,"column":20}},"loc":{"start":{"line":107,"column":25},"end":{"line":107,"column":58}},"line":107},"15":{"name":"(anonymous_15)","decl":{"start":{"line":112,"column":19},"end":{"line":112,"column":20}},"loc":{"start":{"line":112,"column":25},"end":{"line":112,"column":57}},"line":112}},"branchMap":{},"s":{"0":0,"1":0,"2":0,"3":0,"4":0,"5":0,"6":0,"7":0,"8":0,"9":0,"10":0,"11":0,"12":0,"13":0,"14":0,"15":0,"16":0,"17":0,"18":0,"19":0,"20":0,"21":0},"f":{"0":0,"1":0,"2":0,"3":0,"4":0,"5":0,"6":0,"7":0,"8":0,"9":0,"10":0,"11":0,"12":0,"13":0,"14":0,"15":0},"b":{}}
,"C:\\Users\\petros\\projetos\\sertton\\sertton-react-native-app\\src\\ui\\shared\\widgets\\app-header\\index.tsx": {"path":"C:\\Users\\petros\\projetos\\sertton\\sertton-react-native-app\\src\\ui\\shared\\widgets\\app-header\\index.tsx","statementMap":{"0":{"start":{"line":11,"column":25},"end":{"line":28,"column":1}},"1":{"start":{"line":12,"column":2},"end":{"line":27,"column":4}}},"fnMap":{"0":{"name":"(anonymous_0)","decl":{"start":{"line":11,"column":25},"end":{"line":11,"column":26}},"loc":{"start":{"line":11,"column":81},"end":{"line":28,"column":1}},"line":11}},"branchMap":{"0":{"loc":{"start":{"line":11,"column":41},"end":{"line":11,"column":58}},"type":"default-arg","locations":[{"start":{"line":11,"column":49},"end":{"line":11,"column":58}}],"line":11},"1":{"loc":{"start":{"line":14,"column":7},"end":{"line":24,"column":14}},"type":"cond-expr","locations":[{"start":{"line":15,"column":8},"end":{"line":23,"column":20}},{"start":{"line":24,"column":10},"end":{"line":24,"column":14}}],"line":14}},"s":{"0":0,"1":0},"f":{"0":0},"b":{"0":[0],"1":[0,0]}}
,"C:\\Users\\petros\\projetos\\sertton\\sertton-react-native-app\\src\\ui\\shared\\widgets\\app-root-layout\\index.tsx": {"path":"C:\\Users\\petros\\projetos\\sertton\\sertton-react-native-app\\src\\ui\\shared\\widgets\\app-root-layout\\index.tsx","statementMap":{"0":{"start":{"line":6,"column":29},"end":{"line":14,"column":1}},"1":{"start":{"line":7,"column":2},"end":{"line":13,"column":4}}},"fnMap":{"0":{"name":"(anonymous_0)","decl":{"start":{"line":6,"column":29},"end":{"line":6,"column":30}},"loc":{"start":{"line":6,"column":35},"end":{"line":14,"column":1}},"line":6}},"branchMap":{},"s":{"0":0,"1":0},"f":{"0":0},"b":{}}
,"C:\\Users\\petros\\projetos\\sertton\\sertton-react-native-app\\src\\ui\\shared\\widgets\\app-search-bar\\index.tsx": {"path":"C:\\Users\\petros\\projetos\\sertton\\sertton-react-native-app\\src\\ui\\shared\\widgets\\app-search-bar\\index.tsx","statementMap":{"0":{"start":{"line":11,"column":28},"end":{"line":41,"column":1}},"1":{"start":{"line":17,"column":2},"end":{"line":40,"column":4}},"2":{"start":{"line":34,"column":25},"end":{"line":34,"column":41}}},"fnMap":{"0":{"name":"(anonymous_0)","decl":{"start":{"line":11,"column":28},"end":{"line":11,"column":29}},"loc":{"start":{"line":16,"column":25},"end":{"line":41,"column":1}},"line":16},"1":{"name":"(anonymous_1)","decl":{"start":{"line":34,"column":19},"end":{"line":34,"column":20}},"loc":{"start":{"line":34,"column":25},"end":{"line":34,"column":41}},"line":34}},"branchMap":{"0":{"loc":{"start":{"line":14,"column":2},"end":{"line":14,"column":33}},"type":"default-arg","locations":[{"start":{"line":14,"column":16},"end":{"line":14,"column":33}}],"line":14},"1":{"loc":{"start":{"line":30,"column":7},"end":{"line":38,"column":14}},"type":"cond-expr","locations":[{"start":{"line":31,"column":8},"end":{"line":37,"column":20}},{"start":{"line":38,"column":10},"end":{"line":38,"column":14}}],"line":30}},"s":{"0":1,"1":1,"2":1},"f":{"0":1,"1":1},"b":{"0":[1],"1":[1,0]},"_coverageSchema":"1a1c01bbd47fc00a2c39e90264f33305004495a9","hash":"50949babb1e21d1a207b84832e5eaab3f6609d94"}
,"C:\\Users\\petros\\projetos\\sertton\\sertton-react-native-app\\src\\ui\\shared\\widgets\\app-tab-bar\\index.tsx": {"path":"C:\\Users\\petros\\projetos\\sertton\\sertton-react-native-app\\src\\ui\\shared\\widgets\\app-tab-bar\\index.tsx","statementMap":{"0":{"start":{"line":7,"column":13},"end":{"line":12,"column":10}},"1":{"start":{"line":14,"column":25},"end":{"line":55,"column":1}},"2":{"start":{"line":15,"column":20},"end":{"line":15,"column":53}},"3":{"start":{"line":16,"column":19},"end":{"line":16,"column":32}},"4":{"start":{"line":17,"column":17},"end":{"line":17,"column":28}},"5":{"start":{"line":19,"column":2},"end":{"line":54,"column":4}},"6":{"start":{"line":23,"column":10},"end":{"line":23,"column":87}},"7":{"start":{"line":24,"column":27},"end":{"line":24,"column":59}},"8":{"start":{"line":26,"column":8},"end":{"line":51,"column":10}},"9":{"start":{"line":33,"column":27},"end":{"line":33,"column":48}}},"fnMap":{"0":{"name":"(anonymous_0)","decl":{"start":{"line":14,"column":25},"end":{"line":14,"column":26}},"loc":{"start":{"line":14,"column":31},"end":{"line":55,"column":1}},"line":14},"1":{"name":"(anonymous_1)","decl":{"start":{"line":21,"column":16},"end":{"line":21,"column":17}},"loc":{"start":{"line":21,"column":49},"end":{"line":52,"column":7}},"line":21},"2":{"name":"(anonymous_2)","decl":{"start":{"line":33,"column":21},"end":{"line":33,"column":22}},"loc":{"start":{"line":33,"column":27},"end":{"line":33,"column":48}},"line":33}},"branchMap":{"0":{"loc":{"start":{"line":23,"column":10},"end":{"line":23,"column":87}},"type":"binary-expr","locations":[{"start":{"line":23,"column":10},"end":{"line":23,"column":27}},{"start":{"line":23,"column":32},"end":{"line":23,"column":51}},{"start":{"line":23,"column":55},"end":{"line":23,"column":86}}],"line":23},"1":{"loc":{"start":{"line":24,"column":27},"end":{"line":24,"column":59}},"type":"cond-expr","locations":[{"start":{"line":24,"column":46},"end":{"line":24,"column":55}},{"start":{"line":24,"column":58},"end":{"line":24,"column":59}}],"line":24},"2":{"loc":{"start":{"line":36,"column":15},"end":{"line":40,"column":22}},"type":"cond-expr","locations":[{"start":{"line":37,"column":16},"end":{"line":39,"column":23}},{"start":{"line":40,"column":18},"end":{"line":40,"column":22}}],"line":36},"3":{"loc":{"start":{"line":41,"column":27},"end":{"line":41,"column":59}},"type":"cond-expr","locations":[{"start":{"line":41,"column":38},"end":{"line":41,"column":47}},{"start":{"line":41,"column":50},"end":{"line":41,"column":59}}],"line":41},"4":{"loc":{"start":{"line":45,"column":16},"end":{"line":45,"column":97}},"type":"cond-expr","locations":[{"start":{"line":45,"column":27},"end":{"line":45,"column":63}},{"start":{"line":45,"column":66},"end":{"line":45,"column":97}}],"line":45}},"s":{"0":0,"1":0,"2":0,"3":0,"4":0,"5":0,"6":0,"7":0,"8":0,"9":0},"f":{"0":0,"1":0,"2":0},"b":{"0":[0,0,0],"1":[0,0],"2":[0,0],"3":[0,0],"4":[0,0]}}
,"C:\\Users\\petros\\projetos\\sertton\\sertton-react-native-app\\src\\ui\\shared\\widgets\\app-text\\index.tsx": {"path":"C:\\Users\\petros\\projetos\\sertton\\sertton-react-native-app\\src\\ui\\shared\\widgets\\app-text\\index.tsx","statementMap":{"0":{"start":{"line":7,"column":23},"end":{"line":9,"column":1}},"1":{"start":{"line":8,"column":2},"end":{"line":8,"column":84}}},"fnMap":{"0":{"name":"(anonymous_0)","decl":{"start":{"line":7,"column":23},"end":{"line":7,"column":24}},"loc":{"start":{"line":7,"column":66},"end":{"line":9,"column":1}},"line":7}},"branchMap":{},"s":{"0":2,"1":7},"f":{"0":7},"b":{},"_coverageSchema":"1a1c01bbd47fc00a2c39e90264f33305004495a9","hash":"a170a6934f66a4bdda5c24d1dbc4335abeaff315"}
,"C:\\Users\\petros\\projetos\\sertton\\sertton-react-native-app\\src\\ui\\shared\\widgets\\connectivity-guard\\index.tsx": {"path":"C:\\Users\\petros\\projetos\\sertton\\sertton-react-native-app\\src\\ui\\shared\\widgets\\connectivity-guard\\index.tsx","statementMap":{"0":{"start":{"line":7,"column":33},"end":{"line":19,"column":1}},"1":{"start":{"line":8,"column":26},"end":{"line":8,"column":48}},"2":{"start":{"line":9,"column":19},"end":{"line":9,"column":32}},"3":{"start":{"line":10,"column":17},"end":{"line":10,"column":28}},"4":{"start":{"line":12,"column":2},"end":{"line":16,"column":38}},"5":{"start":{"line":13,"column":4},"end":{"line":13,"column":68}},"6":{"start":{"line":13,"column":61},"end":{"line":13,"column":68}},"7":{"start":{"line":14,"column":4},"end":{"line":14,"column":76}},"8":{"start":{"line":14,"column":49},"end":{"line":14,"column":76}},"9":{"start":{"line":15,"column":4},"end":{"line":15,"column":68}},"10":{"start":{"line":15,"column":48},"end":{"line":15,"column":68}},"11":{"start":{"line":18,"column":2},"end":{"line":18,"column":18}}},"fnMap":{"0":{"name":"(anonymous_0)","decl":{"start":{"line":7,"column":33},"end":{"line":7,"column":34}},"loc":{"start":{"line":7,"column":70},"end":{"line":19,"column":1}},"line":7},"1":{"name":"(anonymous_1)","decl":{"start":{"line":12,"column":12},"end":{"line":12,"column":13}},"loc":{"start":{"line":12,"column":18},"end":{"line":16,"column":3}},"line":12}},"branchMap":{"0":{"loc":{"start":{"line":13,"column":4},"end":{"line":13,"column":68}},"type":"if","locations":[{"start":{"line":13,"column":4},"end":{"line":13,"column":68}},{"start":{},"end":{}}],"line":13},"1":{"loc":{"start":{"line":13,"column":8},"end":{"line":13,"column":59}},"type":"binary-expr","locations":[{"start":{"line":13,"column":8},"end":{"line":13,"column":33}},{"start":{"line":13,"column":37},"end":{"line":13,"column":59}}],"line":13},"2":{"loc":{"start":{"line":14,"column":4},"end":{"line":14,"column":76}},"type":"if","locations":[{"start":{"line":14,"column":4},"end":{"line":14,"column":76}},{"start":{},"end":{}}],"line":14},"3":{"loc":{"start":{"line":14,"column":8},"end":{"line":14,"column":47}},"type":"binary-expr","locations":[{"start":{"line":14,"column":8},"end":{"line":14,"column":20}},{"start":{"line":14,"column":24},"end":{"line":14,"column":47}}],"line":14},"4":{"loc":{"start":{"line":15,"column":4},"end":{"line":15,"column":68}},"type":"if","locations":[{"start":{"line":15,"column":4},"end":{"line":15,"column":68}},{"start":{},"end":{}}],"line":15},"5":{"loc":{"start":{"line":15,"column":8},"end":{"line":15,"column":46}},"type":"binary-expr","locations":[{"start":{"line":15,"column":8},"end":{"line":15,"column":19}},{"start":{"line":15,"column":23},"end":{"line":15,"column":46}}],"line":15}},"s":{"0":1,"1":4,"2":4,"3":4,"4":4,"5":4,"6":1,"7":3,"8":1,"9":3,"10":1,"11":4},"f":{"0":4,"1":4},"b":{"0":[1,3],"1":[4,4],"2":[1,2],"3":[3,2],"4":[1,2],"5":[3,1]},"_coverageSchema":"1a1c01bbd47fc00a2c39e90264f33305004495a9","hash":"763d759adde0da29e622ed306a33eae36b627517"}
,"C:\\Users\\petros\\projetos\\sertton\\sertton-react-native-app\\src\\ui\\shared\\widgets\\connectivity-guard\\use-connectivity-guard.ts": {"path":"C:\\Users\\petros\\projetos\\sertton\\sertton-react-native-app\\src\\ui\\shared\\widgets\\connectivity-guard\\use-connectivity-guard.ts","statementMap":{"0":{"start":{"line":5,"column":36},"end":{"line":21,"column":1}},"1":{"start":{"line":6,"column":40},"end":{"line":6,"column":80}},"2":{"start":{"line":8,"column":2},"end":{"line":18,"column":9}},"3":{"start":{"line":9,"column":20},"end":{"line":9,"column":24}},"4":{"start":{"line":10,"column":4},"end":{"line":12,"column":7}},"5":{"start":{"line":11,"column":6},"end":{"line":11,"column":43}},"6":{"start":{"line":11,"column":21},"end":{"line":11,"column":43}},"7":{"start":{"line":13,"column":24},"end":{"line":13,"column":77}},"8":{"start":{"line":14,"column":4},"end":{"line":17,"column":6}},"9":{"start":{"line":15,"column":6},"end":{"line":15,"column":24}},"10":{"start":{"line":16,"column":6},"end":{"line":16,"column":20}},"11":{"start":{"line":20,"column":2},"end":{"line":20,"column":25}}},"fnMap":{"0":{"name":"(anonymous_0)","decl":{"start":{"line":5,"column":36},"end":{"line":5,"column":37}},"loc":{"start":{"line":5,"column":42},"end":{"line":21,"column":1}},"line":5},"1":{"name":"(anonymous_1)","decl":{"start":{"line":8,"column":12},"end":{"line":8,"column":13}},"loc":{"start":{"line":8,"column":18},"end":{"line":18,"column":3}},"line":8},"2":{"name":"(anonymous_2)","decl":{"start":{"line":10,"column":59},"end":{"line":10,"column":60}},"loc":{"start":{"line":10,"column":70},"end":{"line":12,"column":5}},"line":10},"3":{"name":"(anonymous_3)","decl":{"start":{"line":14,"column":11},"end":{"line":14,"column":12}},"loc":{"start":{"line":14,"column":17},"end":{"line":17,"column":5}},"line":14}},"branchMap":{"0":{"loc":{"start":{"line":11,"column":6},"end":{"line":11,"column":43}},"type":"if","locations":[{"start":{"line":11,"column":6},"end":{"line":11,"column":43}},{"start":{},"end":{}}],"line":11}},"s":{"0":1,"1":6,"2":6,"3":3,"4":3,"5":3,"6":2,"7":3,"8":3,"9":3,"10":3,"11":6},"f":{"0":6,"1":3,"2":3,"3":3},"b":{"0":[2,1]},"_coverageSchema":"1a1c01bbd47fc00a2c39e90264f33305004495a9","hash":"93a5803daa05e5ce59e7b560f654e9673c2ae795"}
,"C:\\Users\\petros\\projetos\\sertton\\sertton-react-native-app\\src\\ui\\shared\\widgets\\empty-state\\index.tsx": {"path":"C:\\Users\\petros\\projetos\\sertton\\sertton-react-native-app\\src\\ui\\shared\\widgets\\empty-state\\index.tsx","statementMap":{"0":{"start":{"line":10,"column":26},"end":{"line":17,"column":1}},"1":{"start":{"line":11,"column":2},"end":{"line":16,"column":4}}},"fnMap":{"0":{"name":"(anonymous_0)","decl":{"start":{"line":10,"column":26},"end":{"line":10,"column":27}},"loc":{"start":{"line":10,"column":60},"end":{"line":17,"column":1}},"line":10}},"branchMap":{},"s":{"0":1,"1":1},"f":{"0":1},"b":{},"_coverageSchema":"1a1c01bbd47fc00a2c39e90264f33305004495a9","hash":"9a0ae3b40b21c4133638ee07d56b37b0c1de89e2"}
,"C:\\Users\\petros\\projetos\\sertton\\sertton-react-native-app\\src\\ui\\shared\\widgets\\error-state\\index.tsx": {"path":"C:\\Users\\petros\\projetos\\sertton\\sertton-react-native-app\\src\\ui\\shared\\widgets\\error-state\\index.tsx","statementMap":{"0":{"start":{"line":11,"column":26},"end":{"line":31,"column":1}},"1":{"start":{"line":15,"column":2},"end":{"line":30,"column":4}}},"fnMap":{"0":{"name":"(anonymous_0)","decl":{"start":{"line":11,"column":26},"end":{"line":11,"column":27}},"loc":{"start":{"line":14,"column":23},"end":{"line":31,"column":1}},"line":14}},"branchMap":{"0":{"loc":{"start":{"line":12,"column":2},"end":{"line":12,"column":54}},"type":"default-arg","locations":[{"start":{"line":12,"column":12},"end":{"line":12,"column":54}}],"line":12},"1":{"loc":{"start":{"line":19,"column":7},"end":{"line":28,"column":14}},"type":"cond-expr","locations":[{"start":{"line":20,"column":8},"end":{"line":27,"column":20}},{"start":{"line":28,"column":10},"end":{"line":28,"column":14}}],"line":19}},"s":{"0":1,"1":1},"f":{"0":1},"b":{"0":[1],"1":[1,0]},"_coverageSchema":"1a1c01bbd47fc00a2c39e90264f33305004495a9","hash":"4aa14ebd1535a6fc003d787f58b4c256e332a085"}
,"C:\\Users\\petros\\projetos\\sertton\\sertton-react-native-app\\src\\ui\\shared\\widgets\\image-fallback\\index.tsx": {"path":"C:\\Users\\petros\\projetos\\sertton\\sertton-react-native-app\\src\\ui\\shared\\widgets\\image-fallback\\index.tsx","statementMap":{"0":{"start":{"line":8,"column":29},"end":{"line":16,"column":1}},"1":{"start":{"line":9,"column":2},"end":{"line":14,"column":6}},"2":{"start":{"line":10,"column":4},"end":{"line":14,"column":6}},"3":{"start":{"line":15,"column":2},"end":{"line":15,"column":94}}},"fnMap":{"0":{"name":"(anonymous_0)","decl":{"start":{"line":8,"column":29},"end":{"line":8,"column":30}},"loc":{"start":{"line":8,"column":75},"end":{"line":16,"column":1}},"line":8}},"branchMap":{"0":{"loc":{"start":{"line":9,"column":2},"end":{"line":14,"column":6}},"type":"if","locations":[{"start":{"line":9,"column":2},"end":{"line":14,"column":6}},{"start":{},"end":{}}],"line":9}},"s":{"0":0,"1":0,"2":0,"3":0},"f":{"0":0},"b":{"0":[0,0]}}
,"C:\\Users\\petros\\projetos\\sertton\\sertton-react-native-app\\src\\ui\\shared\\widgets\\main-navigation\\index.tsx": {"path":"C:\\Users\\petros\\projetos\\sertton\\sertton-react-native-app\\src\\ui\\shared\\widgets\\main-navigation\\index.tsx","statementMap":{"0":{"start":{"line":5,"column":30},"end":{"line":12,"column":1}},"1":{"start":{"line":6,"column":2},"end":{"line":11,"column":4}},"2":{"start":{"line":8,"column":32},"end":{"line":8,"column":56}}},"fnMap":{"0":{"name":"(anonymous_0)","decl":{"start":{"line":5,"column":30},"end":{"line":5,"column":31}},"loc":{"start":{"line":5,"column":36},"end":{"line":12,"column":1}},"line":5},"1":{"name":"(anonymous_1)","decl":{"start":{"line":8,"column":21},"end":{"line":8,"column":22}},"loc":{"start":{"line":8,"column":32},"end":{"line":8,"column":56}},"line":8}},"branchMap":{},"s":{"0":0,"1":0,"2":0},"f":{"0":0,"1":0},"b":{}}
,"C:\\Users\\petros\\projetos\\sertton\\sertton-react-native-app\\src\\ui\\shared\\widgets\\price\\index.tsx": {"path":"C:\\Users\\petros\\projetos\\sertton\\sertton-react-native-app\\src\\ui\\shared\\widgets\\price\\index.tsx","statementMap":{"0":{"start":{"line":9,"column":21},"end":{"line":24,"column":1}},"1":{"start":{"line":10,"column":22},"end":{"line":10,"column":78}},"2":{"start":{"line":12,"column":2},"end":{"line":23,"column":4}}},"fnMap":{"0":{"name":"(anonymous_0)","decl":{"start":{"line":9,"column":21},"end":{"line":9,"column":22}},"loc":{"start":{"line":9,"column":67},"end":{"line":24,"column":1}},"line":9}},"branchMap":{"0":{"loc":{"start":{"line":10,"column":22},"end":{"line":10,"column":78}},"type":"binary-expr","locations":[{"start":{"line":10,"column":22},"end":{"line":10,"column":49}},{"start":{"line":10,"column":53},"end":{"line":10,"column":78}}],"line":10},"1":{"loc":{"start":{"line":14,"column":7},"end":{"line":18,"column":14}},"type":"cond-expr","locations":[{"start":{"line":15,"column":8},"end":{"line":17,"column":18}},{"start":{"line":18,"column":10},"end":{"line":18,"column":14}}],"line":14},"2":{"loc":{"start":{"line":20,"column":24},"end":{"line":20,"column":63}},"type":"cond-expr","locations":[{"start":{"line":20,"column":38},"end":{"line":20,"column":51}},{"start":{"line":20,"column":54},"end":{"line":20,"column":63}}],"line":20}},"s":{"0":1,"1":1,"2":1},"f":{"0":1},"b":{"0":[1,1],"1":[1,0],"2":[1,0]},"_coverageSchema":"1a1c01bbd47fc00a2c39e90264f33305004495a9","hash":"b77252f67eccebf3013843ecb71ec5c62f251a9c"}
,"C:\\Users\\petros\\projetos\\sertton\\sertton-react-native-app\\src\\ui\\shared\\widgets\\quantity-input\\index.tsx": {"path":"C:\\Users\\petros\\projetos\\sertton\\sertton-react-native-app\\src\\ui\\shared\\widgets\\quantity-input\\index.tsx","statementMap":{"0":{"start":{"line":14,"column":29},"end":{"line":51,"column":1}},"1":{"start":{"line":15,"column":77},"end":{"line":19,"column":4}},"2":{"start":{"line":21,"column":2},"end":{"line":50,"column":4}}},"fnMap":{"0":{"name":"(anonymous_0)","decl":{"start":{"line":14,"column":29},"end":{"line":14,"column":30}},"loc":{"start":{"line":14,"column":79},"end":{"line":51,"column":1}},"line":14}},"branchMap":{},"s":{"0":1,"1":2,"2":2},"f":{"0":2},"b":{},"_coverageSchema":"1a1c01bbd47fc00a2c39e90264f33305004495a9","hash":"fffd5e28de450c36d6f9c1135df8a4de3440d6fc"}
,"C:\\Users\\petros\\projetos\\sertton\\sertton-react-native-app\\src\\ui\\shared\\widgets\\quantity-input\\use-quantity-input.ts": {"path":"C:\\Users\\petros\\projetos\\sertton\\sertton-react-native-app\\src\\ui\\shared\\widgets\\quantity-input\\use-quantity-input.ts","statementMap":{"0":{"start":{"line":9,"column":32},"end":{"line":19,"column":1}},"1":{"start":{"line":10,"column":20},"end":{"line":10,"column":90}},"2":{"start":{"line":10,"column":38},"end":{"line":10,"column":70}},"3":{"start":{"line":11,"column":20},"end":{"line":11,"column":97}},"4":{"start":{"line":11,"column":38},"end":{"line":11,"column":72}},"5":{"start":{"line":13,"column":2},"end":{"line":18,"column":4}}},"fnMap":{"0":{"name":"(anonymous_0)","decl":{"start":{"line":9,"column":32},"end":{"line":9,"column":33}},"loc":{"start":{"line":9,"column":86},"end":{"line":19,"column":1}},"line":9},"1":{"name":"(anonymous_1)","decl":{"start":{"line":10,"column":32},"end":{"line":10,"column":33}},"loc":{"start":{"line":10,"column":38},"end":{"line":10,"column":70}},"line":10},"2":{"name":"(anonymous_2)","decl":{"start":{"line":11,"column":32},"end":{"line":11,"column":33}},"loc":{"start":{"line":11,"column":38},"end":{"line":11,"column":72}},"line":11}},"branchMap":{},"s":{"0":2,"1":3,"2":0,"3":3,"4":2,"5":3},"f":{"0":3,"1":0,"2":2},"b":{},"_coverageSchema":"1a1c01bbd47fc00a2c39e90264f33305004495a9","hash":"65bb10396979cea71d849026c07fe35e4fc7c209"}
,"C:\\Users\\petros\\projetos\\sertton\\sertton-react-native-app\\src\\ui\\shared\\widgets\\scaffold-screen\\index.tsx": {"path":"C:\\Users\\petros\\projetos\\sertton\\sertton-react-native-app\\src\\ui\\shared\\widgets\\scaffold-screen\\index.tsx","statementMap":{"0":{"start":{"line":6,"column":30},"end":{"line":30,"column":1}},"1":{"start":{"line":7,"column":45},"end":{"line":7,"column":64}},"2":{"start":{"line":9,"column":2},"end":{"line":29,"column":4}}},"fnMap":{"0":{"name":"(anonymous_0)","decl":{"start":{"line":6,"column":30},"end":{"line":6,"column":31}},"loc":{"start":{"line":6,"column":36},"end":{"line":30,"column":1}},"line":6}},"branchMap":{"0":{"loc":{"start":{"line":24,"column":13},"end":{"line":24,"column":69}},"type":"cond-expr","locations":[{"start":{"line":24,"column":29},"end":{"line":24,"column":48}},{"start":{"line":24,"column":51},"end":{"line":24,"column":69}}],"line":24}},"s":{"0":1,"1":2,"2":2},"f":{"0":2},"b":{"0":[1,1]},"_coverageSchema":"1a1c01bbd47fc00a2c39e90264f33305004495a9","hash":"db2f4ae8364b8f1f9878eb2c7f48b2a434376c10"}
,"C:\\Users\\petros\\projetos\\sertton\\sertton-react-native-app\\src\\ui\\shared\\widgets\\scaffold-screen\\use-scaffold-screen.ts": {"path":"C:\\Users\\petros\\projetos\\sertton\\sertton-react-native-app\\src\\ui\\shared\\widgets\\scaffold-screen\\use-scaffold-screen.ts","statementMap":{"0":{"start":{"line":3,"column":33},"end":{"line":14,"column":1}},"1":{"start":{"line":4,"column":44},"end":{"line":4,"column":59}},"2":{"start":{"line":6,"column":26},"end":{"line":8,"column":8}},"3":{"start":{"line":7,"column":4},"end":{"line":7,"column":54}},"4":{"start":{"line":7,"column":39},"end":{"line":7,"column":52}},"5":{"start":{"line":10,"column":2},"end":{"line":13,"column":4}}},"fnMap":{"0":{"name":"(anonymous_0)","decl":{"start":{"line":3,"column":33},"end":{"line":3,"column":34}},"loc":{"start":{"line":3,"column":39},"end":{"line":14,"column":1}},"line":3},"1":{"name":"(anonymous_1)","decl":{"start":{"line":6,"column":38},"end":{"line":6,"column":39}},"loc":{"start":{"line":6,"column":44},"end":{"line":8,"column":3}},"line":6},"2":{"name":"(anonymous_2)","decl":{"start":{"line":7,"column":21},"end":{"line":7,"column":22}},"loc":{"start":{"line":7,"column":39},"end":{"line":7,"column":52}},"line":7}},"branchMap":{},"s":{"0":2,"1":4,"2":4,"3":2,"4":2,"5":4},"f":{"0":4,"1":2,"2":2},"b":{},"_coverageSchema":"1a1c01bbd47fc00a2c39e90264f33305004495a9","hash":"8af1eab68b295ed6a2bd706d9357ff46357572d2"}
,"C:\\Users\\petros\\projetos\\sertton\\sertton-react-native-app\\src\\ui\\shared\\widgets\\shell-placeholder-screen\\index.tsx": {"path":"C:\\Users\\petros\\projetos\\sertton\\sertton-react-native-app\\src\\ui\\shared\\widgets\\shell-placeholder-screen\\index.tsx","statementMap":{"0":{"start":{"line":10,"column":38},"end":{"line":21,"column":1}},"1":{"start":{"line":11,"column":2},"end":{"line":20,"column":4}}},"fnMap":{"0":{"name":"(anonymous_0)","decl":{"start":{"line":10,"column":38},"end":{"line":10,"column":39}},"loc":{"start":{"line":10,"column":82},"end":{"line":21,"column":1}},"line":10}},"branchMap":{},"s":{"0":0,"1":0},"f":{"0":0},"b":{}}
,"C:\\Users\\petros\\projetos\\sertton\\sertton-react-native-app\\src\\ui\\shared\\widgets\\skeleton\\index.tsx": {"path":"C:\\Users\\petros\\projetos\\sertton\\sertton-react-native-app\\src\\ui\\shared\\widgets\\skeleton\\index.tsx","statementMap":{"0":{"start":{"line":4,"column":24},"end":{"line":10,"column":1}},"1":{"start":{"line":5,"column":2},"end":{"line":9,"column":4}}},"fnMap":{"0":{"name":"(anonymous_0)","decl":{"start":{"line":4,"column":24},"end":{"line":4,"column":25}},"loc":{"start":{"line":5,"column":2},"end":{"line":9,"column":4}},"line":5}},"branchMap":{},"s":{"0":0,"1":0},"f":{"0":0},"b":{}}
,"C:\\Users\\petros\\projetos\\sertton\\sertton-react-native-app\\src\\ui\\shared\\widgets\\tabs-navigation\\index.tsx": {"path":"C:\\Users\\petros\\projetos\\sertton\\sertton-react-native-app\\src\\ui\\shared\\widgets\\tabs-navigation\\index.tsx","statementMap":{"0":{"start":{"line":5,"column":30},"end":{"line":7,"column":1}},"1":{"start":{"line":6,"column":2},"end":{"line":6,"column":86}},"2":{"start":{"line":6,"column":68},"end":{"line":6,"column":81}}},"fnMap":{"0":{"name":"(anonymous_0)","decl":{"start":{"line":5,"column":30},"end":{"line":5,"column":31}},"loc":{"start":{"line":5,"column":36},"end":{"line":7,"column":1}},"line":5},"1":{"name":"(anonymous_1)","decl":{"start":{"line":6,"column":62},"end":{"line":6,"column":63}},"loc":{"start":{"line":6,"column":68},"end":{"line":6,"column":81}},"line":6}},"branchMap":{},"s":{"0":0,"1":0,"2":0},"f":{"0":0,"1":0},"b":{}}
}
